Compiling the C compiler identification source file "CMakeCCompilerId.c" failed.
Compiler: C:cygwinbingcc.exe 
Build flags: 
Id flags: 

The output was:
No such file or directory


Compiling the C compiler identification source file "CMakeCCompilerId.c" failed.
Compiler: C:cygwinbingcc.exe 
Build flags: 
Id flags: -c

The output was:
No such file or directory


Compiling the C compiler identification source file "CMakeCCompilerId.c" failed.
Compiler: C:cygwinbingcc.exe 
Build flags: 
Id flags: -Aa

The output was:
No such file or directory


Compiling the CXX compiler identification source file "CMakeCXXCompilerId.cpp" failed.
Compiler: C:cygwinbing++.exe 
Build flags: 
Id flags: 

The output was:
No such file or directory


Compiling the CXX compiler identification source file "CMakeCXXCompilerId.cpp" failed.
Compiler: C:cygwinbing++.exe 
Build flags: 
Id flags: -c

The output was:
No such file or directory


Determining if the C compiler works failed with the following output:


